{
  "stats": {
    "suites": 1,
    "tests": 1,
    "passes": 0,
    "pending": 0,
    "failures": 1,
    "start": "2023-11-27T12:33:07.645Z",
    "end": "2023-11-27T12:33:27.543Z",
    "duration": 19898,
    "testsRegistered": 1,
    "passPercent": 0,
    "pendingPercent": 0,
    "other": 0,
    "hasOther": false,
    "skipped": 0,
    "hasSkipped": false
  },
  "results": [
    {
      "uuid": "d14135ac-9def-4cc6-a2e1-502dcbe50882",
      "title": "",
      "fullFile": "cypress/e2e/uiTest.cy.js",
      "file": "cypress/e2e/uiTest.cy.js",
      "beforeHooks": [],
      "afterHooks": [],
      "tests": [],
      "suites": [
        {
          "uuid": "de63d1c6-d1b1-4dd9-a938-67be64ba579d",
          "title": "Validate User is Register",
          "fullFile": "",
          "file": "",
          "beforeHooks": [],
          "afterHooks": [],
          "tests": [
            {
              "title": "Verify User is able to login",
              "fullTitle": "Validate User is Register Verify User is able to login",
              "timedOut": null,
              "duration": 16296,
              "state": "failed",
              "speed": null,
              "pass": false,
              "fail": true,
              "pending": false,
              "context": "{\n  \"title\": \"cypress-mochawesome-reporter-screenshots\",\n  \"value\": [\n    [\n      \"/uiTest.cy.js/Validate User is Register -- Verify User is able to login (failed).png\"\n    ]\n  ]\n}",
              "code": "cy.fixture('Testdata1').then(registerUserdata => {\n  const loginobj = new _Login.default();\n  //cy.frameLoaded()\n  loginobj.setUserName(registerUserdata.UserName);\n  loginobj.setPassword(registerUserdata.UserPassword);\n  cy.logger('application', \"Entered User Details-->Login Test\");\n  loginobj.clickLoginbtn();\n  loginobj.verifyLoginSuccess();\n  cy.logger('application', \"Validated success Login Msg-->Login Test\");\n  const loadTime = Date.now() - startTime;\n  cy.logger('performance', `TotalTime taken to LoginUser: ${loadTime}ms`);\n});",
              "err": {
                "message": "AssertionError: Timed out retrying after 4000ms: Expected to find element: `a[id='sign-out']`, but never found it.",
                "estack": "AssertionError: Timed out retrying after 4000ms: Expected to find element: `a[id='sign-out']`, but never found it.\n    at Login1.verifyLoginSuccess (webpack://cypressframework/./cypress/PageClass/Login1.js:27:30)\n    at Context.eval (webpack://cypressframework/./cypress/e2e/TestLogin1.cy.js:31:32)",
                "diff": null
              },
              "uuid": "bb6ede4a-9739-4779-8cf1-231fa7173a37",
              "parentUUID": "de63d1c6-d1b1-4dd9-a938-67be64ba579d",
              "isHook": false,
              "skipped": false
            }
          ],
          "suites": [],
          "passes": [],
          "failures": [
            "bb6ede4a-9739-4779-8cf1-231fa7173a37"
          ],
          "pending": [],
          "skipped": [],
          "duration": 16296,
          "root": false,
          "rootEmpty": false,
          "_timeout": 2000
        }
      ],
      "passes": [],
      "failures": [],
      "pending": [],
      "skipped": [],
      "duration": 0,
      "root": true,
      "rootEmpty": true,
      "_timeout": 2000
    }
  ],
  "meta": {
    "mocha": {
      "version": "7.0.1"
    },
    "mochawesome": {
      "options": {
        "quiet": false,
        "reportFilename": "mochawesome",
        "saveHtml": true,
        "saveJson": true,
        "consoleReporter": "spec",
        "useInlineDiffs": false,
        "code": true
      },
      "version": "7.1.3"
    },
    "marge": {
      "options": {
        "reportDir": "cypress/reports/UIReport",
        "overwrite": false
      },
      "version": "6.2.0"
    }
  }
}