{
  "stats": {
    "suites": 1,
    "tests": 1,
    "passes": 0,
    "pending": 0,
    "failures": 1,
    "start": "2023-11-27T11:03:18.885Z",
    "end": "2023-11-27T11:03:47.519Z",
    "duration": 28634,
    "testsRegistered": 1,
    "passPercent": 0,
    "pendingPercent": 0,
    "other": 0,
    "hasOther": false,
    "skipped": 0,
    "hasSkipped": false
  },
  "results": [
    {
      "uuid": "97a83b1c-5d33-42bd-8c04-6514ae430f69",
      "title": "",
      "fullFile": "cypress/e2e/uiTest.cy.js",
      "file": "cypress/e2e/uiTest.cy.js",
      "beforeHooks": [],
      "afterHooks": [],
      "tests": [],
      "suites": [
        {
          "uuid": "a6952dbb-13fa-44eb-a3b2-ba2d299a0ca7",
          "title": "Validate User is Register",
          "fullFile": "",
          "file": "",
          "beforeHooks": [],
          "afterHooks": [],
          "tests": [
            {
              "title": "Verify User is able to login",
              "fullTitle": "Validate User is Register Verify User is able to login",
              "timedOut": null,
              "duration": 22522,
              "state": "failed",
              "speed": null,
              "pass": false,
              "fail": true,
              "pending": false,
              "context": "{\n  \"title\": \"cypress-mochawesome-reporter-screenshots\",\n  \"value\": [\n    [\n      \"/uiTest.cy.js/Validate User is Register -- Verify User is able to login (failed).png\"\n    ]\n  ]\n}",
              "code": "cy.fixture('Testdata1').then(registerUserdata => {\n  const loginobj = new _Login.default();\n  //cy.frameLoaded()\n  loginobj.setUserName(registerUserdata.UserName);\n  loginobj.setPassword(registerUserdata.UserPassword);\n  cy.logger('application', \"Entered User Details-->Login Test\");\n  loginobj.clickLoginbtn();\n  loginobj.verifyLoginSuccess();\n  cy.logger('application', \"Validated success Login Msg-->Login Test\");\n  const loadTime = Date.now() - startTime;\n  cy.logger('performance', `TotalTime taken to LoginUser: ${loadTime}ms`);\n});",
              "err": {
                "message": "Error: The following error originated from your application code, not from Cypress.\n\n  > searchQuery is not defined\n\nThis error was thrown by a cross origin page. If you wish to suppress this error you will have to use the cy.origin command to handle the error prior to visiting the page.\n\n`cy.origin('https://monitor.dev.compliancemonitorapi.com', () => {`\n`  cy.on('uncaught:exception', (e) => {`\n`    if (e.message.includes('Things went bad')) {`\n`      // we expected this error, so let's ignore it`\n`      // and let the test continue`\n`      return false`\n`    }`\n`  })`\n`})`\n`cy.visit('https://monitor.dev.compliancemonitorapi.com/facility360')`\n\nWhen Cypress detects uncaught errors originating from your application it will automatically fail the current test.\n\nThis behavior is configurable, and you can choose to turn this off by listening to the `uncaught:exception` event.\n\nhttps://on.cypress.io/uncaught-exception-from-application\n\nhttps://on.cypress.io/origin",
                "estack": "Error: The following error originated from your application code, not from Cypress.\n\n  > searchQuery is not defined\n\nThis error was thrown by a cross origin page. If you wish to suppress this error you will have to use the cy.origin command to handle the error prior to visiting the page.\n\n`cy.origin('https://monitor.dev.compliancemonitorapi.com', () => {`\n`  cy.on('uncaught:exception', (e) => {`\n`    if (e.message.includes('Things went bad')) {`\n`      // we expected this error, so let's ignore it`\n`      // and let the test continue`\n`      return false`\n`    }`\n`  })`\n`})`\n`cy.visit('https://monitor.dev.compliancemonitorapi.com/facility360')`\n\nWhen Cypress detects uncaught errors originating from your application it will automatically fail the current test.\n\nThis behavior is configurable, and you can choose to turn this off by listening to the `uncaught:exception` event.\n\nhttps://on.cypress.io/uncaught-exception-from-application\n\nhttps://on.cypress.io/origin\n    at cypressErr (https://dev-registrarcorp.myfda.com/__cypress/runner/cypress_runner.js:75240:18)\n    at Object.errByPath (https://dev-registrarcorp.myfda.com/__cypress/runner/cypress_runner.js:75295:10)\n    at PrimaryOriginCommunicator.<anonymous> (https://dev-registrarcorp.myfda.com/__cypress/runner/cypress_runner.js:169592:72)\n    at PrimaryOriginCommunicator.emit (https://dev-registrarcorp.myfda.com/__cypress/runner/cypress_runner.js:146819:5)\n    at PrimaryOriginCommunicator.onMessage (https://dev-registrarcorp.myfda.com/__cypress/runner/cypress_runner.js:168912:12)\n    at crossOriginOnMessageRef (https://dev-registrarcorp.myfda.com/__/assets/index-55e8512e.js:146509:72)",
                "diff": null
              },
              "uuid": "25fdef59-035c-4461-af5f-fd836286face",
              "parentUUID": "a6952dbb-13fa-44eb-a3b2-ba2d299a0ca7",
              "isHook": false,
              "skipped": false
            }
          ],
          "suites": [],
          "passes": [],
          "failures": [
            "25fdef59-035c-4461-af5f-fd836286face"
          ],
          "pending": [],
          "skipped": [],
          "duration": 22522,
          "root": false,
          "rootEmpty": false,
          "_timeout": 2000
        }
      ],
      "passes": [],
      "failures": [],
      "pending": [],
      "skipped": [],
      "duration": 0,
      "root": true,
      "rootEmpty": true,
      "_timeout": 2000
    }
  ],
  "meta": {
    "mocha": {
      "version": "7.0.1"
    },
    "mochawesome": {
      "options": {
        "quiet": false,
        "reportFilename": "mochawesome",
        "saveHtml": true,
        "saveJson": true,
        "consoleReporter": "spec",
        "useInlineDiffs": false,
        "code": true
      },
      "version": "7.1.3"
    },
    "marge": {
      "options": {
        "reportDir": "cypress/reports/UIReport",
        "overwrite": false
      },
      "version": "6.2.0"
    }
  }
}